{"/var/www/mundler/lib/mundler.js":{"path":"/var/www/mundler/lib/mundler.js","s":{"1":1,"2":1,"3":1,"4":1,"5":1,"6":1,"7":1,"8":1,"9":1,"10":1,"11":1,"12":17,"13":17,"14":17,"15":17,"16":17,"17":1,"18":2,"19":2,"20":2,"21":2,"22":2,"23":2,"24":2,"25":2,"26":2,"27":2,"28":2,"29":2,"30":0,"31":0,"32":0,"33":0,"34":1,"35":2,"36":2,"37":0,"38":0,"39":0,"40":1,"41":6,"42":6,"43":6,"44":6,"45":0,"46":1,"47":5,"48":5,"49":5,"50":0,"51":5,"52":1,"53":5,"54":5,"55":5,"56":5,"57":5,"58":5,"59":5,"60":5,"61":22,"62":5,"63":22,"64":20,"65":20,"66":5,"67":1,"68":25,"69":25,"70":25,"71":22,"72":1,"73":21,"74":3,"75":3,"76":0,"77":3,"78":3,"79":3,"80":1,"81":2,"82":2,"83":2,"84":2,"85":0,"86":2,"87":2,"88":2,"89":2,"90":2,"91":1,"92":2,"93":2,"94":2,"95":2,"96":2,"97":2,"98":2,"99":2,"100":2,"101":0,"102":2,"103":2,"104":2,"105":0,"106":0,"107":2,"108":1,"109":1,"110":0,"111":2,"112":1,"113":1,"114":0,"115":0,"116":1,"117":1,"118":1,"119":0,"120":0,"121":0,"122":1,"123":1,"124":1,"125":1,"126":3,"127":3,"128":3,"129":3,"130":3,"131":3,"132":2,"133":3,"134":0,"135":0,"136":0,"137":0,"138":3,"139":1,"140":2,"141":0,"142":1,"143":3,"144":3,"145":3,"146":0,"147":0,"148":0,"149":0,"150":0,"151":0,"152":0,"153":0,"154":1,"155":3,"156":3,"157":3,"158":3,"159":3,"160":0,"161":0,"162":0,"163":3,"164":0,"165":0,"166":0,"167":0,"168":0,"169":0,"170":0,"171":0,"172":0,"173":0,"174":0,"175":0,"176":0,"177":0,"178":0,"179":0,"180":0,"181":0,"182":3,"183":0,"184":3,"185":3,"186":3,"187":0,"188":0,"189":0,"190":0,"191":0,"192":0,"193":0,"194":0,"195":0,"196":0,"197":0,"198":0,"199":0,"200":0,"201":0,"202":0,"203":0,"204":1},"b":{"1":[17,0],"2":[17,1,0,17],"3":[0,17],"4":[17,1],"5":[2,0],"6":[0,0],"7":[0,0,0],"8":[2,0],"9":[0,0],"10":[6,5],"11":[0,5],"12":[5,3],"13":[25,8],"14":[22,3],"15":[1,21],"16":[22,22,21],"17":[0,3],"18":[2,1],"19":[0,2],"20":[2,0],"21":[2,0],"22":[0,2],"23":[2,2],"24":[2,2],"25":[2,2],"26":[2,2],"27":[0,2],"28":[2,0],"29":[1,1],"30":[2,1],"31":[0,1],"32":[0,1],"33":[0,1],"34":[0,0],"35":[0,3],"36":[2,1],"37":[3,2],"38":[0,3],"39":[0,0],"40":[1,2],"41":[3,2,1,0],"42":[3,0],"43":[3,0],"44":[0,0],"45":[3,3],"46":[3,3],"47":[0,3],"48":[0,0],"49":[0,0],"50":[0,0],"51":[0,0],"52":[0,0],"53":[0,0],"54":[0,0],"55":[0,0],"56":[0,0],"57":[0,0],"58":[0,0]},"f":{"1":17,"2":2,"3":2,"4":2,"5":0,"6":0,"7":2,"8":6,"9":6,"10":5,"11":5,"12":5,"13":5,"14":5,"15":5,"16":22,"17":5,"18":22,"19":20,"20":5,"21":25,"22":2,"23":2,"24":2,"25":2,"26":2,"27":1,"28":1,"29":1,"30":1,"31":3,"32":3,"33":0,"34":3,"35":3,"36":0,"37":3,"38":0,"39":0,"40":0,"41":0,"42":0,"43":0,"44":0,"45":3,"46":3,"47":0,"48":0,"49":0,"50":0},"fnMap":{"1":{"name":"Mundler","line":17,"loc":{"start":{"line":17,"column":0},"end":{"line":17,"column":32}}},"2":{"name":"(anonymous_2)","line":29,"loc":{"start":{"line":29,"column":26},"end":{"line":29,"column":37}}},"3":{"name":"(anonymous_3)","line":37,"loc":{"start":{"line":37,"column":22},"end":{"line":37,"column":40}}},"4":{"name":"(anonymous_4)","line":38,"loc":{"start":{"line":38,"column":22},"end":{"line":38,"column":38}}},"5":{"name":"(anonymous_5)","line":46,"loc":{"start":{"line":46,"column":56},"end":{"line":46,"column":78}}},"6":{"name":"(anonymous_6)","line":51,"loc":{"start":{"line":51,"column":55},"end":{"line":51,"column":72}}},"7":{"name":"(anonymous_7)","line":67,"loc":{"start":{"line":67,"column":40},"end":{"line":67,"column":78}}},"8":{"name":"(anonymous_8)","line":83,"loc":{"start":{"line":83,"column":39},"end":{"line":83,"column":58}}},"9":{"name":"(anonymous_9)","line":84,"loc":{"start":{"line":84,"column":25},"end":{"line":84,"column":51}}},"10":{"name":"(anonymous_10)","line":99,"loc":{"start":{"line":99,"column":29},"end":{"line":99,"column":44}}},"11":{"name":"(anonymous_11)","line":100,"loc":{"start":{"line":100,"column":25},"end":{"line":100,"column":51}}},"12":{"name":"(anonymous_12)","line":101,"loc":{"start":{"line":101,"column":30},"end":{"line":101,"column":50}}},"13":{"name":"(anonymous_13)","line":119,"loc":{"start":{"line":119,"column":42},"end":{"line":119,"column":77}}},"14":{"name":"(anonymous_14)","line":124,"loc":{"start":{"line":124,"column":31},"end":{"line":124,"column":46}}},"15":{"name":"(anonymous_15)","line":125,"loc":{"start":{"line":125,"column":36},"end":{"line":125,"column":51}}},"16":{"name":"(anonymous_16)","line":129,"loc":{"start":{"line":129,"column":37},"end":{"line":129,"column":53}}},"17":{"name":"(anonymous_17)","line":131,"loc":{"start":{"line":131,"column":15},"end":{"line":131,"column":35}}},"18":{"name":"(anonymous_18)","line":133,"loc":{"start":{"line":133,"column":18},"end":{"line":133,"column":35}}},"19":{"name":"(anonymous_19)","line":136,"loc":{"start":{"line":136,"column":15},"end":{"line":136,"column":32}}},"20":{"name":"(anonymous_20)","line":142,"loc":{"start":{"line":142,"column":11},"end":{"line":142,"column":22}}},"21":{"name":"(anonymous_21)","line":158,"loc":{"start":{"line":158,"column":33},"end":{"line":158,"column":71}}},"22":{"name":"(anonymous_22)","line":188,"loc":{"start":{"line":188,"column":40},"end":{"line":188,"column":68}}},"23":{"name":"(anonymous_23)","line":200,"loc":{"start":{"line":200,"column":25},"end":{"line":200,"column":51}}},"24":{"name":"(anonymous_24)","line":201,"loc":{"start":{"line":201,"column":14},"end":{"line":201,"column":38}}},"25":{"name":"(anonymous_25)","line":202,"loc":{"start":{"line":202,"column":55},"end":{"line":202,"column":73}}},"26":{"name":"(anonymous_26)","line":216,"loc":{"start":{"line":216,"column":36},"end":{"line":216,"column":82}}},"27":{"name":"(anonymous_27)","line":249,"loc":{"start":{"line":249,"column":88},"end":{"line":249,"column":99}}},"28":{"name":"(anonymous_28)","line":250,"loc":{"start":{"line":250,"column":14},"end":{"line":250,"column":38}}},"29":{"name":"(anonymous_29)","line":256,"loc":{"start":{"line":256,"column":31},"end":{"line":256,"column":46}}},"30":{"name":"(anonymous_30)","line":269,"loc":{"start":{"line":269,"column":15},"end":{"line":269,"column":26}}},"31":{"name":"(anonymous_31)","line":284,"loc":{"start":{"line":284,"column":42},"end":{"line":284,"column":99}}},"32":{"name":"(anonymous_32)","line":290,"loc":{"start":{"line":290,"column":25},"end":{"line":290,"column":51}}},"33":{"name":"(anonymous_33)","line":309,"loc":{"start":{"line":309,"column":51},"end":{"line":309,"column":62}}},"34":{"name":"(anonymous_34)","line":320,"loc":{"start":{"line":320,"column":29},"end":{"line":320,"column":45}}},"35":{"name":"(anonymous_35)","line":321,"loc":{"start":{"line":321,"column":25},"end":{"line":321,"column":51}}},"36":{"name":"(anonymous_36)","line":330,"loc":{"start":{"line":330,"column":22},"end":{"line":330,"column":37}}},"37":{"name":"(anonymous_37)","line":349,"loc":{"start":{"line":349,"column":27},"end":{"line":349,"column":58}}},"38":{"name":"(anonymous_38)","line":363,"loc":{"start":{"line":363,"column":17},"end":{"line":363,"column":32}}},"39":{"name":"(anonymous_39)","line":372,"loc":{"start":{"line":372,"column":33},"end":{"line":372,"column":44}}},"40":{"name":"(anonymous_40)","line":375,"loc":{"start":{"line":375,"column":15},"end":{"line":375,"column":34}}},"41":{"name":"(anonymous_41)","line":382,"loc":{"start":{"line":382,"column":32},"end":{"line":382,"column":46}}},"42":{"name":"(anonymous_42)","line":390,"loc":{"start":{"line":390,"column":41},"end":{"line":390,"column":52}}},"43":{"name":"(anonymous_43)","line":393,"loc":{"start":{"line":393,"column":13},"end":{"line":393,"column":24}}},"44":{"name":"(anonymous_44)","line":398,"loc":{"start":{"line":398,"column":16},"end":{"line":398,"column":31}}},"45":{"name":"(anonymous_45)","line":402,"loc":{"start":{"line":402,"column":25},"end":{"line":402,"column":51}}},"46":{"name":"(anonymous_46)","line":404,"loc":{"start":{"line":404,"column":33},"end":{"line":404,"column":44}}},"47":{"name":"(anonymous_47)","line":405,"loc":{"start":{"line":405,"column":15},"end":{"line":405,"column":34}}},"48":{"name":"(anonymous_48)","line":424,"loc":{"start":{"line":424,"column":32},"end":{"line":424,"column":46}}},"49":{"name":"(anonymous_49)","line":431,"loc":{"start":{"line":431,"column":41},"end":{"line":431,"column":52}}},"50":{"name":"(anonymous_50)","line":435,"loc":{"start":{"line":435,"column":13},"end":{"line":435,"column":24}}}},"statementMap":{"1":{"start":{"line":1,"column":0},"end":{"line":1,"column":23}},"2":{"start":{"line":2,"column":0},"end":{"line":2,"column":27}},"3":{"start":{"line":3,"column":0},"end":{"line":3,"column":41}},"4":{"start":{"line":4,"column":0},"end":{"line":4,"column":39}},"5":{"start":{"line":5,"column":0},"end":{"line":5,"column":35}},"6":{"start":{"line":6,"column":0},"end":{"line":6,"column":30}},"7":{"start":{"line":7,"column":0},"end":{"line":7,"column":26}},"8":{"start":{"line":8,"column":0},"end":{"line":8,"column":29}},"9":{"start":{"line":9,"column":0},"end":{"line":9,"column":31}},"10":{"start":{"line":10,"column":0},"end":{"line":10,"column":21}},"11":{"start":{"line":17,"column":0},"end":{"line":23,"column":1}},"12":{"start":{"line":18,"column":2},"end":{"line":18,"column":31}},"13":{"start":{"line":19,"column":2},"end":{"line":19,"column":72}},"14":{"start":{"line":20,"column":2},"end":{"line":20,"column":57}},"15":{"start":{"line":21,"column":2},"end":{"line":21,"column":35}},"16":{"start":{"line":22,"column":2},"end":{"line":22,"column":30}},"17":{"start":{"line":29,"column":0},"end":{"line":59,"column":1}},"18":{"start":{"line":30,"column":2},"end":{"line":30,"column":36}},"19":{"start":{"line":32,"column":2},"end":{"line":32,"column":18}},"20":{"start":{"line":33,"column":2},"end":{"line":33,"column":29}},"21":{"start":{"line":34,"column":2},"end":{"line":34,"column":58}},"22":{"start":{"line":35,"column":2},"end":{"line":35,"column":64}},"23":{"start":{"line":37,"column":2},"end":{"line":58,"column":38}},"24":{"start":{"line":38,"column":4},"end":{"line":57,"column":40}},"25":{"start":{"line":39,"column":6},"end":{"line":39,"column":84}},"26":{"start":{"line":41,"column":6},"end":{"line":56,"column":7}},"27":{"start":{"line":42,"column":8},"end":{"line":55,"column":9}},"28":{"start":{"line":44,"column":10},"end":{"line":44,"column":44}},"29":{"start":{"line":46,"column":10},"end":{"line":54,"column":13}},"30":{"start":{"line":47,"column":12},"end":{"line":49,"column":13}},"31":{"start":{"line":48,"column":14},"end":{"line":48,"column":33}},"32":{"start":{"line":51,"column":12},"end":{"line":53,"column":48}},"33":{"start":{"line":52,"column":14},"end":{"line":52,"column":87}},"34":{"start":{"line":67,"column":0},"end":{"line":77,"column":1}},"35":{"start":{"line":68,"column":2},"end":{"line":76,"column":3}},"36":{"start":{"line":69,"column":4},"end":{"line":69,"column":88}},"37":{"start":{"line":71,"column":7},"end":{"line":76,"column":3}},"38":{"start":{"line":72,"column":4},"end":{"line":72,"column":89}},"39":{"start":{"line":75,"column":4},"end":{"line":75,"column":32}},"40":{"start":{"line":83,"column":0},"end":{"line":93,"column":1}},"41":{"start":{"line":84,"column":2},"end":{"line":92,"column":5}},"42":{"start":{"line":85,"column":4},"end":{"line":91,"column":5}},"43":{"start":{"line":86,"column":6},"end":{"line":86,"column":71}},"44":{"start":{"line":87,"column":6},"end":{"line":87,"column":20}},"45":{"start":{"line":90,"column":6},"end":{"line":90,"column":16}},"46":{"start":{"line":99,"column":0},"end":{"line":110,"column":1}},"47":{"start":{"line":100,"column":2},"end":{"line":109,"column":5}},"48":{"start":{"line":101,"column":4},"end":{"line":108,"column":7}},"49":{"start":{"line":102,"column":6},"end":{"line":107,"column":7}},"50":{"start":{"line":103,"column":8},"end":{"line":103,"column":20}},"51":{"start":{"line":106,"column":8},"end":{"line":106,"column":22}},"52":{"start":{"line":119,"column":0},"end":{"line":145,"column":1}},"53":{"start":{"line":120,"column":2},"end":{"line":120,"column":18}},"54":{"start":{"line":121,"column":2},"end":{"line":121,"column":80}},"55":{"start":{"line":122,"column":2},"end":{"line":122,"column":33}},"56":{"start":{"line":124,"column":2},"end":{"line":144,"column":38}},"57":{"start":{"line":125,"column":4},"end":{"line":141,"column":40}},"58":{"start":{"line":126,"column":6},"end":{"line":126,"column":23}},"59":{"start":{"line":127,"column":6},"end":{"line":127,"column":67}},"60":{"start":{"line":129,"column":6},"end":{"line":140,"column":42}},"61":{"start":{"line":130,"column":8},"end":{"line":130,"column":62}},"62":{"start":{"line":132,"column":8},"end":{"line":139,"column":13}},"63":{"start":{"line":134,"column":12},"end":{"line":134,"column":48}},"64":{"start":{"line":137,"column":12},"end":{"line":137,"column":33}},"65":{"start":{"line":138,"column":12},"end":{"line":138,"column":26}},"66":{"start":{"line":143,"column":4},"end":{"line":143,"column":19}},"67":{"start":{"line":158,"column":0},"end":{"line":181,"column":1}},"68":{"start":{"line":159,"column":2},"end":{"line":159,"column":10}},"69":{"start":{"line":160,"column":2},"end":{"line":160,"column":36}},"70":{"start":{"line":163,"column":2},"end":{"line":180,"column":3}},"71":{"start":{"line":164,"column":4},"end":{"line":169,"column":5}},"72":{"start":{"line":165,"column":6},"end":{"line":165,"column":19}},"73":{"start":{"line":168,"column":6},"end":{"line":168,"column":19}},"74":{"start":{"line":172,"column":4},"end":{"line":172,"column":23}},"75":{"start":{"line":173,"column":4},"end":{"line":175,"column":5}},"76":{"start":{"line":174,"column":6},"end":{"line":174,"column":18}},"77":{"start":{"line":176,"column":4},"end":{"line":176,"column":37}},"78":{"start":{"line":177,"column":4},"end":{"line":177,"column":57}},"79":{"start":{"line":179,"column":4},"end":{"line":179,"column":66}},"80":{"start":{"line":188,"column":0},"end":{"line":207,"column":1}},"81":{"start":{"line":189,"column":2},"end":{"line":189,"column":10}},"82":{"start":{"line":190,"column":2},"end":{"line":190,"column":18}},"83":{"start":{"line":191,"column":2},"end":{"line":191,"column":36}},"84":{"start":{"line":193,"column":2},"end":{"line":198,"column":3}},"85":{"start":{"line":194,"column":4},"end":{"line":194,"column":20}},"86":{"start":{"line":197,"column":4},"end":{"line":197,"column":39}},"87":{"start":{"line":200,"column":2},"end":{"line":206,"column":5}},"88":{"start":{"line":201,"column":4},"end":{"line":205,"column":7}},"89":{"start":{"line":202,"column":6},"end":{"line":204,"column":9}},"90":{"start":{"line":203,"column":8},"end":{"line":203,"column":70}},"91":{"start":{"line":216,"column":0},"end":{"line":274,"column":1}},"92":{"start":{"line":217,"column":2},"end":{"line":217,"column":27}},"93":{"start":{"line":218,"column":2},"end":{"line":218,"column":89}},"94":{"start":{"line":219,"column":2},"end":{"line":219,"column":75}},"95":{"start":{"line":220,"column":2},"end":{"line":220,"column":76}},"96":{"start":{"line":221,"column":2},"end":{"line":221,"column":37}},"97":{"start":{"line":222,"column":2},"end":{"line":222,"column":37}},"98":{"start":{"line":223,"column":2},"end":{"line":223,"column":41}},"99":{"start":{"line":224,"column":2},"end":{"line":224,"column":43}},"100":{"start":{"line":226,"column":2},"end":{"line":231,"column":3}},"101":{"start":{"line":227,"column":4},"end":{"line":227,"column":22}},"102":{"start":{"line":230,"column":4},"end":{"line":230,"column":36}},"103":{"start":{"line":233,"column":2},"end":{"line":239,"column":3}},"104":{"start":{"line":234,"column":4},"end":{"line":234,"column":21}},"105":{"start":{"line":237,"column":4},"end":{"line":237,"column":52}},"106":{"start":{"line":238,"column":4},"end":{"line":238,"column":20}},"107":{"start":{"line":241,"column":2},"end":{"line":247,"column":3}},"108":{"start":{"line":242,"column":4},"end":{"line":242,"column":24}},"109":{"start":{"line":244,"column":4},"end":{"line":246,"column":5}},"110":{"start":{"line":245,"column":6},"end":{"line":245,"column":39}},"111":{"start":{"line":249,"column":2},"end":{"line":273,"column":5}},"112":{"start":{"line":250,"column":4},"end":{"line":272,"column":7}},"113":{"start":{"line":251,"column":6},"end":{"line":254,"column":7}},"114":{"start":{"line":252,"column":8},"end":{"line":252,"column":25}},"115":{"start":{"line":253,"column":8},"end":{"line":253,"column":21}},"116":{"start":{"line":256,"column":6},"end":{"line":271,"column":9}},"117":{"start":{"line":257,"column":8},"end":{"line":257,"column":54}},"118":{"start":{"line":259,"column":8},"end":{"line":265,"column":9}},"119":{"start":{"line":260,"column":10},"end":{"line":262,"column":11}},"120":{"start":{"line":261,"column":12},"end":{"line":261,"column":26}},"121":{"start":{"line":264,"column":10},"end":{"line":264,"column":35}},"122":{"start":{"line":267,"column":8},"end":{"line":267,"column":45}},"123":{"start":{"line":268,"column":8},"end":{"line":268,"column":20}},"124":{"start":{"line":270,"column":8},"end":{"line":270,"column":80}},"125":{"start":{"line":284,"column":0},"end":{"line":314,"column":1}},"126":{"start":{"line":285,"column":2},"end":{"line":285,"column":18}},"127":{"start":{"line":286,"column":2},"end":{"line":286,"column":63}},"128":{"start":{"line":287,"column":2},"end":{"line":287,"column":23}},"129":{"start":{"line":288,"column":2},"end":{"line":288,"column":47}},"130":{"start":{"line":290,"column":2},"end":{"line":313,"column":5}},"131":{"start":{"line":291,"column":4},"end":{"line":293,"column":5}},"132":{"start":{"line":292,"column":6},"end":{"line":292,"column":25}},"133":{"start":{"line":295,"column":4},"end":{"line":302,"column":5}},"134":{"start":{"line":296,"column":6},"end":{"line":301,"column":7}},"135":{"start":{"line":297,"column":8},"end":{"line":300,"column":9}},"136":{"start":{"line":298,"column":10},"end":{"line":298,"column":54}},"137":{"start":{"line":299,"column":10},"end":{"line":299,"column":49}},"138":{"start":{"line":305,"column":4},"end":{"line":312,"column":5}},"139":{"start":{"line":306,"column":6},"end":{"line":306,"column":16}},"140":{"start":{"line":309,"column":6},"end":{"line":311,"column":42}},"141":{"start":{"line":310,"column":8},"end":{"line":310,"column":18}},"142":{"start":{"line":320,"column":0},"end":{"line":340,"column":1}},"143":{"start":{"line":321,"column":2},"end":{"line":339,"column":5}},"144":{"start":{"line":322,"column":4},"end":{"line":324,"column":5}},"145":{"start":{"line":323,"column":6},"end":{"line":323,"column":23}},"146":{"start":{"line":326,"column":4},"end":{"line":338,"column":5}},"147":{"start":{"line":327,"column":6},"end":{"line":327,"column":26}},"148":{"start":{"line":328,"column":6},"end":{"line":328,"column":27}},"149":{"start":{"line":329,"column":6},"end":{"line":329,"column":37}},"150":{"start":{"line":330,"column":6},"end":{"line":337,"column":9}},"151":{"start":{"line":331,"column":8},"end":{"line":336,"column":9}},"152":{"start":{"line":332,"column":10},"end":{"line":332,"column":24}},"153":{"start":{"line":335,"column":10},"end":{"line":335,"column":54}},"154":{"start":{"line":349,"column":0},"end":{"line":439,"column":1}},"155":{"start":{"line":350,"column":2},"end":{"line":350,"column":18}},"156":{"start":{"line":351,"column":2},"end":{"line":351,"column":25}},"157":{"start":{"line":352,"column":2},"end":{"line":352,"column":41}},"158":{"start":{"line":353,"column":2},"end":{"line":353,"column":43}},"159":{"start":{"line":355,"column":2},"end":{"line":361,"column":3}},"160":{"start":{"line":356,"column":4},"end":{"line":358,"column":5}},"161":{"start":{"line":357,"column":6},"end":{"line":357,"column":54}},"162":{"start":{"line":360,"column":4},"end":{"line":360,"column":27}},"163":{"start":{"line":363,"column":2},"end":{"line":396,"column":5}},"164":{"start":{"line":364,"column":4},"end":{"line":370,"column":5}},"165":{"start":{"line":365,"column":6},"end":{"line":367,"column":7}},"166":{"start":{"line":366,"column":8},"end":{"line":366,"column":56}},"167":{"start":{"line":369,"column":6},"end":{"line":369,"column":29}},"168":{"start":{"line":372,"column":4},"end":{"line":395,"column":7}},"169":{"start":{"line":373,"column":6},"end":{"line":373,"column":44}},"170":{"start":{"line":375,"column":6},"end":{"line":392,"column":9}},"171":{"start":{"line":376,"column":8},"end":{"line":380,"column":9}},"172":{"start":{"line":377,"column":10},"end":{"line":379,"column":11}},"173":{"start":{"line":378,"column":12},"end":{"line":378,"column":63}},"174":{"start":{"line":382,"column":8},"end":{"line":391,"column":11}},"175":{"start":{"line":383,"column":10},"end":{"line":386,"column":11}},"176":{"start":{"line":384,"column":12},"end":{"line":384,"column":29}},"177":{"start":{"line":385,"column":12},"end":{"line":385,"column":19}},"178":{"start":{"line":388,"column":10},"end":{"line":388,"column":37}},"179":{"start":{"line":389,"column":10},"end":{"line":389,"column":102}},"180":{"start":{"line":390,"column":10},"end":{"line":390,"column":56}},"181":{"start":{"line":394,"column":6},"end":{"line":394,"column":16}},"182":{"start":{"line":398,"column":2},"end":{"line":400,"column":5}},"183":{"start":{"line":399,"column":4},"end":{"line":399,"column":21}},"184":{"start":{"line":402,"column":2},"end":{"line":438,"column":5}},"185":{"start":{"line":404,"column":4},"end":{"line":437,"column":7}},"186":{"start":{"line":405,"column":6},"end":{"line":434,"column":9}},"187":{"start":{"line":406,"column":8},"end":{"line":408,"column":9}},"188":{"start":{"line":407,"column":10},"end":{"line":407,"column":29}},"189":{"start":{"line":410,"column":8},"end":{"line":418,"column":9}},"190":{"start":{"line":411,"column":10},"end":{"line":417,"column":11}},"191":{"start":{"line":412,"column":12},"end":{"line":412,"column":47}},"192":{"start":{"line":413,"column":12},"end":{"line":413,"column":32}},"193":{"start":{"line":416,"column":12},"end":{"line":416,"column":63}},"194":{"start":{"line":420,"column":8},"end":{"line":422,"column":9}},"195":{"start":{"line":421,"column":10},"end":{"line":421,"column":27}},"196":{"start":{"line":424,"column":8},"end":{"line":433,"column":11}},"197":{"start":{"line":425,"column":10},"end":{"line":427,"column":11}},"198":{"start":{"line":426,"column":12},"end":{"line":426,"column":31}},"199":{"start":{"line":429,"column":10},"end":{"line":429,"column":41}},"200":{"start":{"line":430,"column":10},"end":{"line":430,"column":107}},"201":{"start":{"line":431,"column":10},"end":{"line":431,"column":56}},"202":{"start":{"line":432,"column":10},"end":{"line":432,"column":20}},"203":{"start":{"line":436,"column":6},"end":{"line":436,"column":16}},"204":{"start":{"line":441,"column":0},"end":{"line":441,"column":25}}},"branchMap":{"1":{"line":18,"type":"binary-expr","locations":[{"start":{"line":18,"column":17},"end":{"line":18,"column":24}},{"start":{"line":18,"column":28},"end":{"line":18,"column":30}}]},"2":{"line":19,"type":"binary-expr","locations":[{"start":{"line":19,"column":19},"end":{"line":19,"column":23}},{"start":{"line":19,"column":27},"end":{"line":19,"column":37}},{"start":{"line":19,"column":41},"end":{"line":19,"column":61}},{"start":{"line":19,"column":66},"end":{"line":19,"column":71}}]},"3":{"line":20,"type":"cond-expr","locations":[{"start":{"line":20,"column":38},"end":{"line":20,"column":48}},{"start":{"line":20,"column":51},"end":{"line":20,"column":56}}]},"4":{"line":20,"type":"binary-expr","locations":[{"start":{"line":20,"column":16},"end":{"line":20,"column":20}},{"start":{"line":20,"column":24},"end":{"line":20,"column":34}}]},"5":{"line":42,"type":"if","locations":[{"start":{"line":42,"column":8},"end":{"line":42,"column":8}},{"start":{"line":42,"column":8},"end":{"line":42,"column":8}}]},"6":{"line":47,"type":"if","locations":[{"start":{"line":47,"column":12},"end":{"line":47,"column":12}},{"start":{"line":47,"column":12},"end":{"line":47,"column":12}}]},"7":{"line":47,"type":"binary-expr","locations":[{"start":{"line":47,"column":16},"end":{"line":47,"column":29}},{"start":{"line":47,"column":34},"end":{"line":47,"column":44}},{"start":{"line":47,"column":48},"end":{"line":47,"column":73}}]},"8":{"line":68,"type":"if","locations":[{"start":{"line":68,"column":2},"end":{"line":68,"column":2}},{"start":{"line":68,"column":2},"end":{"line":68,"column":2}}]},"9":{"line":71,"type":"if","locations":[{"start":{"line":71,"column":7},"end":{"line":71,"column":7}},{"start":{"line":71,"column":7},"end":{"line":71,"column":7}}]},"10":{"line":86,"type":"binary-expr","locations":[{"start":{"line":86,"column":17},"end":{"line":86,"column":64}},{"start":{"line":86,"column":68},"end":{"line":86,"column":70}}]},"11":{"line":102,"type":"if","locations":[{"start":{"line":102,"column":6},"end":{"line":102,"column":6}},{"start":{"line":102,"column":6},"end":{"line":102,"column":6}}]},"12":{"line":122,"type":"binary-expr","locations":[{"start":{"line":122,"column":16},"end":{"line":122,"column":26}},{"start":{"line":122,"column":30},"end":{"line":122,"column":32}}]},"13":{"line":160,"type":"binary-expr","locations":[{"start":{"line":160,"column":12},"end":{"line":160,"column":21}},{"start":{"line":160,"column":25},"end":{"line":160,"column":35}}]},"14":{"line":163,"type":"if","locations":[{"start":{"line":163,"column":2},"end":{"line":163,"column":2}},{"start":{"line":163,"column":2},"end":{"line":163,"column":2}}]},"15":{"line":164,"type":"if","locations":[{"start":{"line":164,"column":4},"end":{"line":164,"column":4}},{"start":{"line":164,"column":4},"end":{"line":164,"column":4}}]},"16":{"line":164,"type":"binary-expr","locations":[{"start":{"line":164,"column":8},"end":{"line":164,"column":51}},{"start":{"line":164,"column":56},"end":{"line":164,"column":63}},{"start":{"line":164,"column":67},"end":{"line":164,"column":90}}]},"17":{"line":173,"type":"if","locations":[{"start":{"line":173,"column":4},"end":{"line":173,"column":4}},{"start":{"line":173,"column":4},"end":{"line":173,"column":4}}]},"18":{"line":191,"type":"binary-expr","locations":[{"start":{"line":191,"column":12},"end":{"line":191,"column":21}},{"start":{"line":191,"column":25},"end":{"line":191,"column":35}}]},"19":{"line":193,"type":"if","locations":[{"start":{"line":193,"column":2},"end":{"line":193,"column":2}},{"start":{"line":193,"column":2},"end":{"line":193,"column":2}}]},"20":{"line":218,"type":"cond-expr","locations":[{"start":{"line":218,"column":28},"end":{"line":218,"column":62}},{"start":{"line":218,"column":65},"end":{"line":218,"column":88}}]},"21":{"line":219,"type":"cond-expr","locations":[{"start":{"line":219,"column":33},"end":{"line":219,"column":61}},{"start":{"line":219,"column":64},"end":{"line":219,"column":74}}]},"22":{"line":220,"type":"cond-expr","locations":[{"start":{"line":220,"column":45},"end":{"line":220,"column":67}},{"start":{"line":220,"column":70},"end":{"line":220,"column":75}}]},"23":{"line":221,"type":"binary-expr","locations":[{"start":{"line":221,"column":15},"end":{"line":221,"column":27}},{"start":{"line":221,"column":31},"end":{"line":221,"column":36}}]},"24":{"line":222,"type":"binary-expr","locations":[{"start":{"line":222,"column":15},"end":{"line":222,"column":27}},{"start":{"line":222,"column":31},"end":{"line":222,"column":36}}]},"25":{"line":223,"type":"binary-expr","locations":[{"start":{"line":223,"column":17},"end":{"line":223,"column":31}},{"start":{"line":223,"column":35},"end":{"line":223,"column":40}}]},"26":{"line":224,"type":"binary-expr","locations":[{"start":{"line":224,"column":18},"end":{"line":224,"column":33}},{"start":{"line":224,"column":37},"end":{"line":224,"column":42}}]},"27":{"line":226,"type":"if","locations":[{"start":{"line":226,"column":2},"end":{"line":226,"column":2}},{"start":{"line":226,"column":2},"end":{"line":226,"column":2}}]},"28":{"line":233,"type":"if","locations":[{"start":{"line":233,"column":2},"end":{"line":233,"column":2}},{"start":{"line":233,"column":2},"end":{"line":233,"column":2}}]},"29":{"line":241,"type":"if","locations":[{"start":{"line":241,"column":2},"end":{"line":241,"column":2}},{"start":{"line":241,"column":2},"end":{"line":241,"column":2}}]},"30":{"line":241,"type":"binary-expr","locations":[{"start":{"line":241,"column":6},"end":{"line":241,"column":13}},{"start":{"line":241,"column":17},"end":{"line":241,"column":31}}]},"31":{"line":244,"type":"if","locations":[{"start":{"line":244,"column":4},"end":{"line":244,"column":4}},{"start":{"line":244,"column":4},"end":{"line":244,"column":4}}]},"32":{"line":251,"type":"if","locations":[{"start":{"line":251,"column":6},"end":{"line":251,"column":6}},{"start":{"line":251,"column":6},"end":{"line":251,"column":6}}]},"33":{"line":259,"type":"if","locations":[{"start":{"line":259,"column":8},"end":{"line":259,"column":8}},{"start":{"line":259,"column":8},"end":{"line":259,"column":8}}]},"34":{"line":260,"type":"if","locations":[{"start":{"line":260,"column":10},"end":{"line":260,"column":10}},{"start":{"line":260,"column":10},"end":{"line":260,"column":10}}]},"35":{"line":288,"type":"cond-expr","locations":[{"start":{"line":288,"column":25},"end":{"line":288,"column":41}},{"start":{"line":288,"column":44},"end":{"line":288,"column":46}}]},"36":{"line":291,"type":"if","locations":[{"start":{"line":291,"column":4},"end":{"line":291,"column":4}},{"start":{"line":291,"column":4},"end":{"line":291,"column":4}}]},"37":{"line":291,"type":"binary-expr","locations":[{"start":{"line":291,"column":8},"end":{"line":291,"column":15}},{"start":{"line":291,"column":19},"end":{"line":291,"column":33}}]},"38":{"line":295,"type":"if","locations":[{"start":{"line":295,"column":4},"end":{"line":295,"column":4}},{"start":{"line":295,"column":4},"end":{"line":295,"column":4}}]},"39":{"line":297,"type":"if","locations":[{"start":{"line":297,"column":8},"end":{"line":297,"column":8}},{"start":{"line":297,"column":8},"end":{"line":297,"column":8}}]},"40":{"line":305,"type":"if","locations":[{"start":{"line":305,"column":4},"end":{"line":305,"column":4}},{"start":{"line":305,"column":4},"end":{"line":305,"column":4}}]},"41":{"line":305,"type":"binary-expr","locations":[{"start":{"line":305,"column":9},"end":{"line":305,"column":17}},{"start":{"line":305,"column":21},"end":{"line":305,"column":36}},{"start":{"line":305,"column":42},"end":{"line":305,"column":50}},{"start":{"line":305,"column":54},"end":{"line":305,"column":82}}]},"42":{"line":322,"type":"if","locations":[{"start":{"line":322,"column":4},"end":{"line":322,"column":4}},{"start":{"line":322,"column":4},"end":{"line":322,"column":4}}]},"43":{"line":322,"type":"binary-expr","locations":[{"start":{"line":322,"column":8},"end":{"line":322,"column":14}},{"start":{"line":322,"column":18},"end":{"line":322,"column":31}}]},"44":{"line":331,"type":"if","locations":[{"start":{"line":331,"column":8},"end":{"line":331,"column":8}},{"start":{"line":331,"column":8},"end":{"line":331,"column":8}}]},"45":{"line":352,"type":"binary-expr","locations":[{"start":{"line":352,"column":17},"end":{"line":352,"column":31}},{"start":{"line":352,"column":35},"end":{"line":352,"column":40}}]},"46":{"line":353,"type":"binary-expr","locations":[{"start":{"line":353,"column":18},"end":{"line":353,"column":33}},{"start":{"line":353,"column":37},"end":{"line":353,"column":42}}]},"47":{"line":355,"type":"if","locations":[{"start":{"line":355,"column":2},"end":{"line":355,"column":2}},{"start":{"line":355,"column":2},"end":{"line":355,"column":2}}]},"48":{"line":356,"type":"if","locations":[{"start":{"line":356,"column":4},"end":{"line":356,"column":4}},{"start":{"line":356,"column":4},"end":{"line":356,"column":4}}]},"49":{"line":364,"type":"if","locations":[{"start":{"line":364,"column":4},"end":{"line":364,"column":4}},{"start":{"line":364,"column":4},"end":{"line":364,"column":4}}]},"50":{"line":365,"type":"if","locations":[{"start":{"line":365,"column":6},"end":{"line":365,"column":6}},{"start":{"line":365,"column":6},"end":{"line":365,"column":6}}]},"51":{"line":376,"type":"if","locations":[{"start":{"line":376,"column":8},"end":{"line":376,"column":8}},{"start":{"line":376,"column":8},"end":{"line":376,"column":8}}]},"52":{"line":377,"type":"if","locations":[{"start":{"line":377,"column":10},"end":{"line":377,"column":10}},{"start":{"line":377,"column":10},"end":{"line":377,"column":10}}]},"53":{"line":383,"type":"if","locations":[{"start":{"line":383,"column":10},"end":{"line":383,"column":10}},{"start":{"line":383,"column":10},"end":{"line":383,"column":10}}]},"54":{"line":406,"type":"if","locations":[{"start":{"line":406,"column":8},"end":{"line":406,"column":8}},{"start":{"line":406,"column":8},"end":{"line":406,"column":8}}]},"55":{"line":410,"type":"if","locations":[{"start":{"line":410,"column":8},"end":{"line":410,"column":8}},{"start":{"line":410,"column":8},"end":{"line":410,"column":8}}]},"56":{"line":411,"type":"if","locations":[{"start":{"line":411,"column":10},"end":{"line":411,"column":10}},{"start":{"line":411,"column":10},"end":{"line":411,"column":10}}]},"57":{"line":420,"type":"if","locations":[{"start":{"line":420,"column":8},"end":{"line":420,"column":8}},{"start":{"line":420,"column":8},"end":{"line":420,"column":8}}]},"58":{"line":425,"type":"if","locations":[{"start":{"line":425,"column":10},"end":{"line":425,"column":10}},{"start":{"line":425,"column":10},"end":{"line":425,"column":10}}]}}},"/var/www/mundler/index.js":{"path":"/var/www/mundler/index.js","s":{"1":1,"2":1,"3":1,"4":1,"5":20,"6":20,"7":17,"8":1,"9":16,"10":3,"11":2,"12":2,"13":1,"14":1,"15":1,"16":1,"17":0,"18":1,"19":1,"20":0,"21":1,"22":1,"23":17},"b":{"1":[17,3],"2":[1,16],"3":[17,17],"4":[2,1],"5":[3,2],"6":[0,1],"7":[0,1]},"f":{"1":20},"fnMap":{"1":{"name":"mundlerInit","line":5,"loc":{"start":{"line":5,"column":17},"end":{"line":5,"column":47}}}},"statementMap":{"1":{"start":{"line":1,"column":0},"end":{"line":1,"column":27}},"2":{"start":{"line":2,"column":0},"end":{"line":2,"column":23}},"3":{"start":{"line":3,"column":0},"end":{"line":3,"column":39}},"4":{"start":{"line":5,"column":0},"end":{"line":47,"column":1}},"5":{"start":{"line":6,"column":2},"end":{"line":6,"column":14}},"6":{"start":{"line":8,"column":2},"end":{"line":44,"column":3}},"7":{"start":{"line":9,"column":4},"end":{"line":11,"column":5}},"8":{"start":{"line":10,"column":6},"end":{"line":10,"column":59}},"9":{"start":{"line":13,"column":4},"end":{"line":13,"column":16}},"10":{"start":{"line":15,"column":7},"end":{"line":44,"column":3}},"11":{"start":{"line":16,"column":4},"end":{"line":21,"column":5}},"12":{"start":{"line":17,"column":6},"end":{"line":17,"column":37}},"13":{"start":{"line":20,"column":6},"end":{"line":20,"column":14}},"14":{"start":{"line":24,"column":4},"end":{"line":43,"column":5}},"15":{"start":{"line":25,"column":6},"end":{"line":25,"column":58}},"16":{"start":{"line":27,"column":6},"end":{"line":39,"column":7}},"17":{"start":{"line":28,"column":8},"end":{"line":28,"column":34}},"18":{"start":{"line":31,"column":8},"end":{"line":31,"column":55}},"19":{"start":{"line":33,"column":8},"end":{"line":38,"column":9}},"20":{"start":{"line":34,"column":10},"end":{"line":34,"column":36}},"21":{"start":{"line":37,"column":10},"end":{"line":37,"column":73}},"22":{"start":{"line":42,"column":6},"end":{"line":42,"column":59}},"23":{"start":{"line":46,"column":2},"end":{"line":46,"column":36}}},"branchMap":{"1":{"line":8,"type":"if","locations":[{"start":{"line":8,"column":2},"end":{"line":8,"column":2}},{"start":{"line":8,"column":2},"end":{"line":8,"column":2}}]},"2":{"line":9,"type":"if","locations":[{"start":{"line":9,"column":4},"end":{"line":9,"column":4}},{"start":{"line":9,"column":4},"end":{"line":9,"column":4}}]},"3":{"line":9,"type":"binary-expr","locations":[{"start":{"line":9,"column":8},"end":{"line":9,"column":29}},{"start":{"line":9,"column":33},"end":{"line":9,"column":49}}]},"4":{"line":15,"type":"if","locations":[{"start":{"line":15,"column":7},"end":{"line":15,"column":7}},{"start":{"line":15,"column":7},"end":{"line":15,"column":7}}]},"5":{"line":15,"type":"binary-expr","locations":[{"start":{"line":15,"column":11},"end":{"line":15,"column":15}},{"start":{"line":15,"column":19},"end":{"line":15,"column":32}}]},"6":{"line":27,"type":"if","locations":[{"start":{"line":27,"column":6},"end":{"line":27,"column":6}},{"start":{"line":27,"column":6},"end":{"line":27,"column":6}}]},"7":{"line":33,"type":"if","locations":[{"start":{"line":33,"column":8},"end":{"line":33,"column":8}},{"start":{"line":33,"column":8},"end":{"line":33,"column":8}}]}}}}