TN:
SF:/var/www/mundler/lib/mundler.js
FN:17,Mundler
FN:29,(anonymous_2)
FN:37,(anonymous_3)
FN:38,(anonymous_4)
FN:46,(anonymous_5)
FN:51,(anonymous_6)
FN:67,(anonymous_7)
FN:83,(anonymous_8)
FN:84,(anonymous_9)
FN:99,(anonymous_10)
FN:100,(anonymous_11)
FN:101,(anonymous_12)
FN:119,(anonymous_13)
FN:124,(anonymous_14)
FN:125,(anonymous_15)
FN:129,(anonymous_16)
FN:131,(anonymous_17)
FN:133,(anonymous_18)
FN:136,(anonymous_19)
FN:142,(anonymous_20)
FN:158,(anonymous_21)
FN:188,(anonymous_22)
FN:200,(anonymous_23)
FN:201,(anonymous_24)
FN:202,(anonymous_25)
FN:216,(anonymous_26)
FN:249,(anonymous_27)
FN:250,(anonymous_28)
FN:256,(anonymous_29)
FN:269,(anonymous_30)
FN:284,(anonymous_31)
FN:290,(anonymous_32)
FN:309,(anonymous_33)
FN:320,(anonymous_34)
FN:321,(anonymous_35)
FN:330,(anonymous_36)
FN:349,(anonymous_37)
FN:363,(anonymous_38)
FN:372,(anonymous_39)
FN:375,(anonymous_40)
FN:382,(anonymous_41)
FN:390,(anonymous_42)
FN:393,(anonymous_43)
FN:398,(anonymous_44)
FN:402,(anonymous_45)
FN:404,(anonymous_46)
FN:405,(anonymous_47)
FN:424,(anonymous_48)
FN:431,(anonymous_49)
FN:435,(anonymous_50)
FNF:50
FNH:35
FNDA:17,Mundler
FNDA:2,(anonymous_2)
FNDA:2,(anonymous_3)
FNDA:2,(anonymous_4)
FNDA:0,(anonymous_5)
FNDA:0,(anonymous_6)
FNDA:2,(anonymous_7)
FNDA:6,(anonymous_8)
FNDA:6,(anonymous_9)
FNDA:5,(anonymous_10)
FNDA:5,(anonymous_11)
FNDA:5,(anonymous_12)
FNDA:5,(anonymous_13)
FNDA:5,(anonymous_14)
FNDA:5,(anonymous_15)
FNDA:22,(anonymous_16)
FNDA:5,(anonymous_17)
FNDA:22,(anonymous_18)
FNDA:20,(anonymous_19)
FNDA:5,(anonymous_20)
FNDA:25,(anonymous_21)
FNDA:2,(anonymous_22)
FNDA:2,(anonymous_23)
FNDA:2,(anonymous_24)
FNDA:2,(anonymous_25)
FNDA:2,(anonymous_26)
FNDA:1,(anonymous_27)
FNDA:1,(anonymous_28)
FNDA:1,(anonymous_29)
FNDA:1,(anonymous_30)
FNDA:3,(anonymous_31)
FNDA:3,(anonymous_32)
FNDA:0,(anonymous_33)
FNDA:3,(anonymous_34)
FNDA:3,(anonymous_35)
FNDA:0,(anonymous_36)
FNDA:3,(anonymous_37)
FNDA:0,(anonymous_38)
FNDA:0,(anonymous_39)
FNDA:0,(anonymous_40)
FNDA:0,(anonymous_41)
FNDA:0,(anonymous_42)
FNDA:0,(anonymous_43)
FNDA:0,(anonymous_44)
FNDA:3,(anonymous_45)
FNDA:3,(anonymous_46)
FNDA:0,(anonymous_47)
FNDA:0,(anonymous_48)
FNDA:0,(anonymous_49)
FNDA:0,(anonymous_50)
DA:1,1
DA:2,1
DA:3,1
DA:4,1
DA:5,1
DA:6,1
DA:7,1
DA:8,1
DA:9,1
DA:10,1
DA:17,1
DA:18,17
DA:19,17
DA:20,17
DA:21,17
DA:22,17
DA:29,1
DA:30,2
DA:32,2
DA:33,2
DA:34,2
DA:35,2
DA:37,2
DA:38,2
DA:39,2
DA:41,2
DA:42,2
DA:44,2
DA:46,2
DA:47,0
DA:48,0
DA:51,0
DA:52,0
DA:67,1
DA:68,2
DA:69,2
DA:71,0
DA:72,0
DA:75,0
DA:83,1
DA:84,6
DA:85,6
DA:86,6
DA:87,6
DA:90,0
DA:99,1
DA:100,5
DA:101,5
DA:102,5
DA:103,0
DA:106,5
DA:119,1
DA:120,5
DA:121,5
DA:122,5
DA:124,5
DA:125,5
DA:126,5
DA:127,5
DA:129,5
DA:130,22
DA:132,5
DA:134,22
DA:137,20
DA:138,20
DA:143,5
DA:158,1
DA:159,25
DA:160,25
DA:163,25
DA:164,22
DA:165,1
DA:168,21
DA:172,3
DA:173,3
DA:174,0
DA:176,3
DA:177,3
DA:179,3
DA:188,1
DA:189,2
DA:190,2
DA:191,2
DA:193,2
DA:194,0
DA:197,2
DA:200,2
DA:201,2
DA:202,2
DA:203,2
DA:216,1
DA:217,2
DA:218,2
DA:219,2
DA:220,2
DA:221,2
DA:222,2
DA:223,2
DA:224,2
DA:226,2
DA:227,0
DA:230,2
DA:233,2
DA:234,2
DA:237,0
DA:238,0
DA:241,2
DA:242,1
DA:244,1
DA:245,0
DA:249,2
DA:250,1
DA:251,1
DA:252,0
DA:253,0
DA:256,1
DA:257,1
DA:259,1
DA:260,0
DA:261,0
DA:264,0
DA:267,1
DA:268,1
DA:270,1
DA:284,1
DA:285,3
DA:286,3
DA:287,3
DA:288,3
DA:290,3
DA:291,3
DA:292,2
DA:295,3
DA:296,0
DA:297,0
DA:298,0
DA:299,0
DA:305,3
DA:306,1
DA:309,2
DA:310,0
DA:320,1
DA:321,3
DA:322,3
DA:323,3
DA:326,0
DA:327,0
DA:328,0
DA:329,0
DA:330,0
DA:331,0
DA:332,0
DA:335,0
DA:349,1
DA:350,3
DA:351,3
DA:352,3
DA:353,3
DA:355,3
DA:356,0
DA:357,0
DA:360,0
DA:363,3
DA:364,0
DA:365,0
DA:366,0
DA:369,0
DA:372,0
DA:373,0
DA:375,0
DA:376,0
DA:377,0
DA:378,0
DA:382,0
DA:383,0
DA:384,0
DA:385,0
DA:388,0
DA:389,0
DA:390,0
DA:394,0
DA:398,3
DA:399,0
DA:402,3
DA:404,3
DA:405,3
DA:406,0
DA:407,0
DA:410,0
DA:411,0
DA:412,0
DA:413,0
DA:416,0
DA:420,0
DA:421,0
DA:424,0
DA:425,0
DA:426,0
DA:429,0
DA:430,0
DA:431,0
DA:432,0
DA:436,0
DA:441,1
LF:204
LH:132
BRDA:18,1,0,17
BRDA:18,1,1,0
BRDA:19,2,0,17
BRDA:19,2,1,1
BRDA:19,2,2,0
BRDA:19,2,3,17
BRDA:20,3,0,0
BRDA:20,3,1,17
BRDA:20,4,0,17
BRDA:20,4,1,1
BRDA:42,5,0,2
BRDA:42,5,1,0
BRDA:47,6,0,0
BRDA:47,6,1,0
BRDA:47,7,0,0
BRDA:47,7,1,0
BRDA:47,7,2,0
BRDA:68,8,0,2
BRDA:68,8,1,0
BRDA:71,9,0,0
BRDA:71,9,1,0
BRDA:86,10,0,6
BRDA:86,10,1,5
BRDA:102,11,0,0
BRDA:102,11,1,5
BRDA:122,12,0,5
BRDA:122,12,1,3
BRDA:160,13,0,25
BRDA:160,13,1,8
BRDA:163,14,0,22
BRDA:163,14,1,3
BRDA:164,15,0,1
BRDA:164,15,1,21
BRDA:164,16,0,22
BRDA:164,16,1,22
BRDA:164,16,2,21
BRDA:173,17,0,0
BRDA:173,17,1,3
BRDA:191,18,0,2
BRDA:191,18,1,1
BRDA:193,19,0,0
BRDA:193,19,1,2
BRDA:218,20,0,2
BRDA:218,20,1,0
BRDA:219,21,0,2
BRDA:219,21,1,0
BRDA:220,22,0,0
BRDA:220,22,1,2
BRDA:221,23,0,2
BRDA:221,23,1,2
BRDA:222,24,0,2
BRDA:222,24,1,2
BRDA:223,25,0,2
BRDA:223,25,1,2
BRDA:224,26,0,2
BRDA:224,26,1,2
BRDA:226,27,0,0
BRDA:226,27,1,2
BRDA:233,28,0,2
BRDA:233,28,1,0
BRDA:241,29,0,1
BRDA:241,29,1,1
BRDA:241,30,0,2
BRDA:241,30,1,1
BRDA:244,31,0,0
BRDA:244,31,1,1
BRDA:251,32,0,0
BRDA:251,32,1,1
BRDA:259,33,0,0
BRDA:259,33,1,1
BRDA:260,34,0,0
BRDA:260,34,1,0
BRDA:288,35,0,0
BRDA:288,35,1,3
BRDA:291,36,0,2
BRDA:291,36,1,1
BRDA:291,37,0,3
BRDA:291,37,1,2
BRDA:295,38,0,0
BRDA:295,38,1,3
BRDA:297,39,0,0
BRDA:297,39,1,0
BRDA:305,40,0,1
BRDA:305,40,1,2
BRDA:305,41,0,3
BRDA:305,41,1,2
BRDA:305,41,2,1
BRDA:305,41,3,0
BRDA:322,42,0,3
BRDA:322,42,1,0
BRDA:322,43,0,3
BRDA:322,43,1,0
BRDA:331,44,0,0
BRDA:331,44,1,0
BRDA:352,45,0,3
BRDA:352,45,1,3
BRDA:353,46,0,3
BRDA:353,46,1,3
BRDA:355,47,0,0
BRDA:355,47,1,3
BRDA:356,48,0,0
BRDA:356,48,1,0
BRDA:364,49,0,0
BRDA:364,49,1,0
BRDA:365,50,0,0
BRDA:365,50,1,0
BRDA:376,51,0,0
BRDA:376,51,1,0
BRDA:377,52,0,0
BRDA:377,52,1,0
BRDA:383,53,0,0
BRDA:383,53,1,0
BRDA:406,54,0,0
BRDA:406,54,1,0
BRDA:410,55,0,0
BRDA:410,55,1,0
BRDA:411,56,0,0
BRDA:411,56,1,0
BRDA:420,57,0,0
BRDA:420,57,1,0
BRDA:425,58,0,0
BRDA:425,58,1,0
BRF:122
BRH:65
end_of_record
TN:
SF:/var/www/mundler/index.js
FN:5,mundlerInit
FNF:1
FNH:1
FNDA:20,mundlerInit
DA:1,1
DA:2,1
DA:3,1
DA:5,1
DA:6,20
DA:8,20
DA:9,17
DA:10,1
DA:13,16
DA:15,3
DA:16,2
DA:17,2
DA:20,1
DA:24,1
DA:25,1
DA:27,1
DA:28,0
DA:31,1
DA:33,1
DA:34,0
DA:37,1
DA:42,1
DA:46,17
LF:23
LH:21
BRDA:8,1,0,17
BRDA:8,1,1,3
BRDA:9,2,0,1
BRDA:9,2,1,16
BRDA:9,3,0,17
BRDA:9,3,1,17
BRDA:15,4,0,2
BRDA:15,4,1,1
BRDA:15,5,0,3
BRDA:15,5,1,2
BRDA:27,6,0,0
BRDA:27,6,1,1
BRDA:33,7,0,0
BRDA:33,7,1,1
BRF:14
BRH:12
end_of_record
